<?xml version="1.0" encoding="UTF-8"?>
<!-- Generated by org.testng.reporters.JUnitXMLReporter -->
<testsuite ignored="0" hostname="ShibaShankar" failures="1" tests="8" name="Test" time="314.827" errors="0" timestamp="2023-07-13T16:22:04 IST">
  <testcase classname="com.pyga.systemtest.Invoice_234Test" name="createInvoiceFromVendor" time="75.12"/>
  <testcase classname="com.pyga.systemtest.SalesOrderTest" name="salesorderFromVendor" time="50.148"/>
  <testcase classname="com.pyga.systemtest.OpportunitySystemTest" name="oppotunitySystem" time="26.129"/>
  <testcase classname="com.pyga.systemtest.CampaignSystemTest" name="createcCampaign" time="24.435">
    <skipped/>
  </testcase> <!-- createcCampaign -->
  <testcase classname="com.pyga.systemtest.CampaignSystemTest" name="createcCampaign" time="23.93">
    <skipped/>
  </testcase> <!-- createcCampaign -->
  <testcase classname="com.pyga.systemtest.CampaignSystemTest" name="createcCampaign" time="24.478">
    <skipped/>
  </testcase> <!-- createcCampaign -->
  <testcase classname="com.pyga.systemtest.CampaignSystemTest" name="createcCampaign" time="23.314">
    <skipped/>
  </testcase> <!-- createcCampaign -->
  <testcase classname="com.pyga.systemtest.CampaignSystemTest" name="createcCampaign" time="22.846">
    <failure type="java.lang.AssertionError" message="null">
      <![CDATA[java.lang.AssertionError: null
at com.pyga.systemtest.CampaignSystemTest.createcCampaign(CampaignSystemTest.java:227)
at java.base/java.util.ArrayList.forEach(ArrayList.java:1511)
... Removed 29 stack frames]]>
    </failure>
  </testcase> <!-- createcCampaign -->
</testsuite> <!-- Test -->
