<html>
<head>
<title>TestNG:  Test</title>
<link href="../testng.css" rel="stylesheet" type="text/css" />
<link href="../my-testng.css" rel="stylesheet" type="text/css" />

<style type="text/css">
.log { display: none;} 
.stack-trace { display: none;} 
</style>
<script type="text/javascript">
<!--
function flip(e) {
  current = e.style.display;
  if (current == 'block') {
    e.style.display = 'none';
    return 0;
  }
  else {
    e.style.display = 'block';
    return 1;
  }
}

function toggleBox(szDivId, elem, msg1, msg2)
{
  var res = -1;  if (document.getElementById) {
    res = flip(document.getElementById(szDivId));
  }
  else if (document.all) {
    // this is the way old msie versions work
    res = flip(document.all[szDivId]);
  }
  if(elem) {
    if(res == 0) elem.innerHTML = msg1; else elem.innerHTML = msg2;
  }

}

function toggleAllBoxes() {
  if (document.getElementsByTagName) {
    d = document.getElementsByTagName('div');
    for (i = 0; i < d.length; i++) {
      if (d[i].className == 'log') {
        flip(d[i]);
      }
    }
  }
}

// -->
</script>

</head>
<body>
<h2 align='center'>Test</h2><table border='1' align="center">
<tr>
<td>Tests passed/Failed/Skipped:</td><td>3/1/4</td>
</tr><tr>
<td>Started on:</td><td>Thu Jul 13 16:16:49 IST 2023</td>
</tr>
<tr><td>Total time:</td><td>314 seconds (314827 ms)</td>
</tr><tr>
<td>Included groups:</td><td></td>
</tr><tr>
<td>Excluded groups:</td><td></td>
</tr>
</table><p/>
<small><i>(Hover the method name to see the test class name)</i></small><p/>
<table width='100%' border='1' class='invocation-failed'>
<tr><td colspan='4' align='center'><b>FAILED TESTS</b></td></tr>
<tr><td><b>Test method</b></td>
<td width="30%"><b>Exception</b></td>
<td width="10%"><b>Time (seconds)</b></td>
<td><b>Instance</b></td>
</tr>
<tr>
<td title='com.pyga.systemtest.CampaignSystemTest.createcCampaign()'><b>createcCampaign</b><br>Test class: com.pyga.systemtest.CampaignSystemTest<br/>
<a href="#Output-538713497" onClick='toggleBox("Output-538713497", this, "Show output", "Hide output");'>Show output</a>

<a href="#Output-538713497" onClick="toggleAllBoxes();">Show all outputs</a>
<div class='log' id="Output-538713497">
****CampaignSystemTest****<br/>
successfully mouseover to: More<br/>
successfully mouseover to: More<br/>
Vendor is created and verified<br/>
>> Selected by value:Hardware<br/>
module=Vendors Switch to Window is passed--!<br/>
>> Selected by value:vendorname<br/>
++ Successfully Clicked on the element ++<br/>
Product is created and verified<br/>
successfully mouseover to: More<br/>
>> Selected by value:Advertisement<br/>
module=Products Switch to Window is passed--!<br/>
>> Selected by value:productname<br/>
++ Successfully Clicked on the element ++<br/>
>> Selected by value:Good<br/>
Campaign is created and verified<br/>
Campaign TestScript is successfully Completed<br/>
## Successfully written data into excel ##<br/>
</div>
</td>
<td><div><pre>java.lang.AssertionError: null
	at com.pyga.systemtest.CampaignSystemTest.createcCampaign(CampaignSystemTest.java:227)
	at java.base/java.util.ArrayList.forEach(ArrayList.java:1511)
... Removed 29 stack frames</pre></div><a href='#' onClick='toggleBox("stack-trace538713497", this, "Click to show all stack frames", "Click to hide stack frames")'>Click to show all stack frames</a>
<div class='stack-trace' id='stack-trace538713497'><pre>java.lang.AssertionError: null
	at org.testng.Assert.fail(Assert.java:99)
	at org.testng.Assert.fail(Assert.java:106)
	at com.pyga.systemtest.CampaignSystemTest.createcCampaign(CampaignSystemTest.java:227)
	at java.base/jdk.internal.reflect.NativeMethodAccessorImpl.invoke0(Native Method)
	at java.base/jdk.internal.reflect.NativeMethodAccessorImpl.invoke(NativeMethodAccessorImpl.java:77)
	at java.base/jdk.internal.reflect.DelegatingMethodAccessorImpl.invoke(DelegatingMethodAccessorImpl.java:43)
	at java.base/java.lang.reflect.Method.invoke(Method.java:568)
	at org.testng.internal.MethodInvocationHelper.invokeMethod(MethodInvocationHelper.java:133)
	at org.testng.internal.TestInvoker.invokeMethod(TestInvoker.java:598)
	at org.testng.internal.TestInvoker.retryFailed(TestInvoker.java:213)
	at org.testng.internal.MethodRunner.runInSequence(MethodRunner.java:58)
	at org.testng.internal.TestInvoker$MethodInvocationAgent.invoke(TestInvoker.java:824)
	at org.testng.internal.TestInvoker.invokeTestMethods(TestInvoker.java:146)
	at org.testng.internal.TestMethodWorker.invokeTestMethods(TestMethodWorker.java:146)
	at org.testng.internal.TestMethodWorker.run(TestMethodWorker.java:128)
	at java.base/java.util.ArrayList.forEach(ArrayList.java:1511)
	at org.testng.TestRunner.privateRun(TestRunner.java:794)
	at org.testng.TestRunner.run(TestRunner.java:596)
	at org.testng.SuiteRunner.runTest(SuiteRunner.java:377)
	at org.testng.SuiteRunner.runSequentially(SuiteRunner.java:371)
	at org.testng.SuiteRunner.privateRun(SuiteRunner.java:332)
	at org.testng.SuiteRunner.run(SuiteRunner.java:276)
	at org.testng.SuiteRunnerWorker.runSuite(SuiteRunnerWorker.java:53)
	at org.testng.SuiteRunnerWorker.run(SuiteRunnerWorker.java:96)
	at org.testng.TestNG.runSuitesSequentially(TestNG.java:1212)
	at org.testng.TestNG.runSuitesLocally(TestNG.java:1134)
	at org.testng.TestNG.runSuites(TestNG.java:1063)
	at org.testng.TestNG.run(TestNG.java:1031)
	at org.testng.remote.AbstractRemoteTestNG.run(AbstractRemoteTestNG.java:115)
	at org.testng.remote.RemoteTestNG.initAndRun(RemoteTestNG.java:251)
	at org.testng.remote.RemoteTestNG.main(RemoteTestNG.java:77)
</pre></div></td>
<td>22</td>
<td>com.pyga.systemtest.CampaignSystemTest@22ff4249</td></tr>
</table><p>
<table width='100%' border='1' class='invocation-passed'>
<tr><td colspan='4' align='center'><b>PASSED TESTS</b></td></tr>
<tr><td><b>Test method</b></td>
<td width="30%"><b>Exception</b></td>
<td width="10%"><b>Time (seconds)</b></td>
<td><b>Instance</b></td>
</tr>
<tr>
<td title='com.pyga.systemtest.OpportunitySystemTest.oppotunitySystem()'><b>oppotunitySystem</b><br>Test class: com.pyga.systemtest.OpportunitySystemTest<br/>
<a href="#Output-1808986169" onClick='toggleBox("Output-1808986169", this, "Show output", "Hide output");'>Show output</a>

<a href="#Output-1808986169" onClick="toggleAllBoxes();">Show all outputs</a>
<div class='log' id="Output-1808986169">
***OpportunitySystemTest***<br/>
>> Selected by value:Engineering<br/>
>> Selected by value:Active<br/>
>> Selected by value:Customer<br/>
Organization is created and verified<br/>
module=Accounts Switch to Window is passed--!<br/>
>> Selected by Visible text:Organization Name<br/>
Contact is created and verified<br/>
>> Selected by value:Contacts<br/>
module=Contacts Switch to Window is passed--!<br/>
>> Selected by Visible text:Last Name<br/>
++ Successfully Clicked on the element ++<br/>
++ Successfully Clicked on the element ++<br/>
>> Selected by value:Needs Analysis<br/>
Opportunity is created and verified<br/>
Campaign TestScript is successfully Completed<br/>
## Successfully written data into excel ##<br/>
</div>
</td>
<td></td>
<td>26</td>
<td>com.pyga.systemtest.OpportunitySystemTest@6025e1b6</td></tr>
<tr>
<td title='com.pyga.systemtest.Invoice_234Test.createInvoiceFromVendor()'><b>createInvoiceFromVendor</b><br>Test class: com.pyga.systemtest.Invoice_234Test<br/>
<a href="#Output-1673389762" onClick='toggleBox("Output-1673389762", this, "Show output", "Hide output");'>Show output</a>

<a href="#Output-1673389762" onClick="toggleAllBoxes();">Show all outputs</a>
<div class='log' id="Output-1673389762">
****Invoice_234Test****<br/>
successfully mouseover to: More<br/>
Vendor is created and verified<br/>
++ Successfully Clicked on the element ++<br/>
module=Vendors Switch to Window is passed--!<br/>
>> Selected by value:vendorname<br/>
>> Selected by value:AltvetPet Inc.<br/>
>> Selected by value:Hardware<br/>
Product is created and verified<br/>
successfully mouseover to: More<br/>
>> Selected by value:Advertisement<br/>
module=Products Switch to Window is passed--!<br/>
>> Selected by value:productname<br/>
>> Selected by value:Good<br/>
Campaign is created and verified<br/>
>> Selected by value:Engineering<br/>
>> Selected by value:Active<br/>
>> Selected by value:Customer<br/>
Organization is created and verified<br/>
successfully mouseover to: More<br/>
successfully mouseover to: More<br/>
module=Accounts Switch to Window is passed--!<br/>
>> Selected by Visible text:Organization Name<br/>
++ Successfully Clicked on the element ++<br/>
++ Alert is Handled and clicked on ok ++<br/>
module=Potentials Switch to Window is passed--!<br/>
>> Selected by Visible text:Opportunity<br/>
module=Products Switch to Window is passed--!<br/>
>> Selected by Visible text:Product Name<br/>
Quote is created and verified<br/>
successfully mouseover to: More<br/>
module=Quotes Switch to Window is passed--!<br/>
>> Selected by Visible text:Subject<br/>
module=Accounts Switch to Window is passed--!<br/>
++ Alert is Handled and clicked on ok ++<br/>
Sales Order is created and verified<br/>
successfully mouseover to: More<br/>
module=SalesOrder Switch to Window is passed--!<br/>
>> Selected by Visible text:Subject<br/>
module=Accounts Switch to Window is passed--!<br/>
++ Alert is Handled and clicked on ok ++<br/>
Invoice is created and verified<br/>
Invoice TestScript is successfully Completed<br/>
## Successfully written data into excel ##<br/>
</div>
</td>
<td></td>
<td>75</td>
<td>com.pyga.systemtest.Invoice_234Test@36ebc363</td></tr>
<tr>
<td title='com.pyga.systemtest.SalesOrderTest.salesorderFromVendor()'><b>salesorderFromVendor</b><br>Test class: com.pyga.systemtest.SalesOrderTest<br/>
<a href="#Output-329410765" onClick='toggleBox("Output-329410765", this, "Show output", "Hide output");'>Show output</a>

<a href="#Output-329410765" onClick="toggleAllBoxes();">Show all outputs</a>
<div class='log' id="Output-329410765">
****SalesOrderTest****<br/>
successfully mouseover to: More<br/>
Vendor is created and verified<br/>
module=Vendors Switch to Window is passed--!<br/>
>> Selected by value:vendorname<br/>
>> Selected by value:AltvetPet Inc.<br/>
>> Selected by value:Hardware<br/>
Product is created and verified<br/>
>> Selected by value:Engineering<br/>
>> Selected by value:Active<br/>
>> Selected by value:Customer<br/>
Organization is created and verified<br/>
successfully mouseover to: More<br/>
successfully mouseover to: More<br/>
module=Account Switch to Window is passed--!<br/>
>> Selected by Visible text:Organization Name<br/>
++ Alert is Handled and clicked on ok ++<br/>
module=Products&action=Popup Switch to Window is passed--!<br/>
++ Successfully Clicked on the element ++<br/>
++ Successfully Clicked on the element ++<br/>
Quote is created and verified<br/>
successfully mouseover to: More<br/>
module=Quotes Switch to Window is passed--!<br/>
>> Selected by Visible text:Subject<br/>
module=Accounts Switch to Window is passed--!<br/>
++ Alert is Handled and clicked on ok ++<br/>
Sales Order is created and verified<br/>
Sales Order TestScript is successfully Completed<br/>
## Successfully written data into excel ##<br/>
</div>
</td>
<td></td>
<td>50</td>
<td>com.pyga.systemtest.SalesOrderTest@40a4337a</td></tr>
</table><p>
<table width='100%' border='1' class='invocation-skipped'>
<tr><td colspan='4' align='center'><b>SKIPPED TESTS</b></td></tr>
<tr><td><b>Test method</b></td>
<td width="30%"><b>Exception</b></td>
<td width="10%"><b>Time (seconds)</b></td>
<td><b>Instance</b></td>
</tr>
<tr>
<td title='com.pyga.systemtest.CampaignSystemTest.createcCampaign()'><b>createcCampaign</b><br>Test class: com.pyga.systemtest.CampaignSystemTest<br/>
<a href="#Output-1679027895" onClick='toggleBox("Output-1679027895", this, "Show output", "Hide output");'>Show output</a>

<a href="#Output-1679027895" onClick="toggleAllBoxes();">Show all outputs</a>
<div class='log' id="Output-1679027895">
****CampaignSystemTest****<br/>
successfully mouseover to: More<br/>
successfully mouseover to: More<br/>
Vendor is created and verified<br/>
>> Selected by value:Hardware<br/>
module=Vendors Switch to Window is passed--!<br/>
>> Selected by value:vendorname<br/>
++ Successfully Clicked on the element ++<br/>
Product is created and verified<br/>
successfully mouseover to: More<br/>
>> Selected by value:Advertisement<br/>
module=Products Switch to Window is passed--!<br/>
>> Selected by value:productname<br/>
++ Successfully Clicked on the element ++<br/>
>> Selected by value:Good<br/>
Campaign is created and verified<br/>
Campaign TestScript is successfully Completed<br/>
## Successfully written data into excel ##<br/>
</div>
</td>
<td><div><pre>java.lang.AssertionError: null
	at com.pyga.systemtest.CampaignSystemTest.createcCampaign(CampaignSystemTest.java:227)
	at java.base/java.util.ArrayList.forEach(ArrayList.java:1511)
... Removed 29 stack frames</pre></div><a href='#' onClick='toggleBox("stack-trace1679027895", this, "Click to show all stack frames", "Click to hide stack frames")'>Click to show all stack frames</a>
<div class='stack-trace' id='stack-trace1679027895'><pre>java.lang.AssertionError: null
	at org.testng.Assert.fail(Assert.java:99)
	at org.testng.Assert.fail(Assert.java:106)
	at com.pyga.systemtest.CampaignSystemTest.createcCampaign(CampaignSystemTest.java:227)
	at java.base/jdk.internal.reflect.NativeMethodAccessorImpl.invoke0(Native Method)
	at java.base/jdk.internal.reflect.NativeMethodAccessorImpl.invoke(NativeMethodAccessorImpl.java:77)
	at java.base/jdk.internal.reflect.DelegatingMethodAccessorImpl.invoke(DelegatingMethodAccessorImpl.java:43)
	at java.base/java.lang.reflect.Method.invoke(Method.java:568)
	at org.testng.internal.MethodInvocationHelper.invokeMethod(MethodInvocationHelper.java:133)
	at org.testng.internal.TestInvoker.invokeMethod(TestInvoker.java:598)
	at org.testng.internal.TestInvoker.retryFailed(TestInvoker.java:213)
	at org.testng.internal.MethodRunner.runInSequence(MethodRunner.java:58)
	at org.testng.internal.TestInvoker$MethodInvocationAgent.invoke(TestInvoker.java:824)
	at org.testng.internal.TestInvoker.invokeTestMethods(TestInvoker.java:146)
	at org.testng.internal.TestMethodWorker.invokeTestMethods(TestMethodWorker.java:146)
	at org.testng.internal.TestMethodWorker.run(TestMethodWorker.java:128)
	at java.base/java.util.ArrayList.forEach(ArrayList.java:1511)
	at org.testng.TestRunner.privateRun(TestRunner.java:794)
	at org.testng.TestRunner.run(TestRunner.java:596)
	at org.testng.SuiteRunner.runTest(SuiteRunner.java:377)
	at org.testng.SuiteRunner.runSequentially(SuiteRunner.java:371)
	at org.testng.SuiteRunner.privateRun(SuiteRunner.java:332)
	at org.testng.SuiteRunner.run(SuiteRunner.java:276)
	at org.testng.SuiteRunnerWorker.runSuite(SuiteRunnerWorker.java:53)
	at org.testng.SuiteRunnerWorker.run(SuiteRunnerWorker.java:96)
	at org.testng.TestNG.runSuitesSequentially(TestNG.java:1212)
	at org.testng.TestNG.runSuitesLocally(TestNG.java:1134)
	at org.testng.TestNG.runSuites(TestNG.java:1063)
	at org.testng.TestNG.run(TestNG.java:1031)
	at org.testng.remote.AbstractRemoteTestNG.run(AbstractRemoteTestNG.java:115)
	at org.testng.remote.RemoteTestNG.initAndRun(RemoteTestNG.java:251)
	at org.testng.remote.RemoteTestNG.main(RemoteTestNG.java:77)
</pre></div></td>
<td>23</td>
<td>com.pyga.systemtest.CampaignSystemTest@22ff4249</td></tr>
<tr>
<td title='com.pyga.systemtest.CampaignSystemTest.createcCampaign()'><b>createcCampaign</b><br>Test class: com.pyga.systemtest.CampaignSystemTest<br/>
<a href="#Output-349677922" onClick='toggleBox("Output-349677922", this, "Show output", "Hide output");'>Show output</a>

<a href="#Output-349677922" onClick="toggleAllBoxes();">Show all outputs</a>
<div class='log' id="Output-349677922">
****CampaignSystemTest****<br/>
successfully mouseover to: More<br/>
successfully mouseover to: More<br/>
Vendor is created and verified<br/>
>> Selected by value:Hardware<br/>
module=Vendors Switch to Window is passed--!<br/>
>> Selected by value:vendorname<br/>
++ Successfully Clicked on the element ++<br/>
Product is created and verified<br/>
successfully mouseover to: More<br/>
>> Selected by value:Advertisement<br/>
module=Products Switch to Window is passed--!<br/>
>> Selected by value:productname<br/>
++ Successfully Clicked on the element ++<br/>
>> Selected by value:Good<br/>
Campaign is created and verified<br/>
Campaign TestScript is successfully Completed<br/>
## Successfully written data into excel ##<br/>
</div>
</td>
<td><div><pre>java.lang.AssertionError: null
	at com.pyga.systemtest.CampaignSystemTest.createcCampaign(CampaignSystemTest.java:227)
	at java.base/java.util.ArrayList.forEach(ArrayList.java:1511)
... Removed 29 stack frames</pre></div><a href='#' onClick='toggleBox("stack-trace349677922", this, "Click to show all stack frames", "Click to hide stack frames")'>Click to show all stack frames</a>
<div class='stack-trace' id='stack-trace349677922'><pre>java.lang.AssertionError: null
	at org.testng.Assert.fail(Assert.java:99)
	at org.testng.Assert.fail(Assert.java:106)
	at com.pyga.systemtest.CampaignSystemTest.createcCampaign(CampaignSystemTest.java:227)
	at java.base/jdk.internal.reflect.NativeMethodAccessorImpl.invoke0(Native Method)
	at java.base/jdk.internal.reflect.NativeMethodAccessorImpl.invoke(NativeMethodAccessorImpl.java:77)
	at java.base/jdk.internal.reflect.DelegatingMethodAccessorImpl.invoke(DelegatingMethodAccessorImpl.java:43)
	at java.base/java.lang.reflect.Method.invoke(Method.java:568)
	at org.testng.internal.MethodInvocationHelper.invokeMethod(MethodInvocationHelper.java:133)
	at org.testng.internal.TestInvoker.invokeMethod(TestInvoker.java:598)
	at org.testng.internal.TestInvoker.retryFailed(TestInvoker.java:213)
	at org.testng.internal.MethodRunner.runInSequence(MethodRunner.java:58)
	at org.testng.internal.TestInvoker$MethodInvocationAgent.invoke(TestInvoker.java:824)
	at org.testng.internal.TestInvoker.invokeTestMethods(TestInvoker.java:146)
	at org.testng.internal.TestMethodWorker.invokeTestMethods(TestMethodWorker.java:146)
	at org.testng.internal.TestMethodWorker.run(TestMethodWorker.java:128)
	at java.base/java.util.ArrayList.forEach(ArrayList.java:1511)
	at org.testng.TestRunner.privateRun(TestRunner.java:794)
	at org.testng.TestRunner.run(TestRunner.java:596)
	at org.testng.SuiteRunner.runTest(SuiteRunner.java:377)
	at org.testng.SuiteRunner.runSequentially(SuiteRunner.java:371)
	at org.testng.SuiteRunner.privateRun(SuiteRunner.java:332)
	at org.testng.SuiteRunner.run(SuiteRunner.java:276)
	at org.testng.SuiteRunnerWorker.runSuite(SuiteRunnerWorker.java:53)
	at org.testng.SuiteRunnerWorker.run(SuiteRunnerWorker.java:96)
	at org.testng.TestNG.runSuitesSequentially(TestNG.java:1212)
	at org.testng.TestNG.runSuitesLocally(TestNG.java:1134)
	at org.testng.TestNG.runSuites(TestNG.java:1063)
	at org.testng.TestNG.run(TestNG.java:1031)
	at org.testng.remote.AbstractRemoteTestNG.run(AbstractRemoteTestNG.java:115)
	at org.testng.remote.RemoteTestNG.initAndRun(RemoteTestNG.java:251)
	at org.testng.remote.RemoteTestNG.main(RemoteTestNG.java:77)
</pre></div></td>
<td>23</td>
<td>com.pyga.systemtest.CampaignSystemTest@22ff4249</td></tr>
<tr>
<td title='com.pyga.systemtest.CampaignSystemTest.createcCampaign()'><b>createcCampaign</b><br>Test class: com.pyga.systemtest.CampaignSystemTest<br/>
<a href="#Output-2086415127" onClick='toggleBox("Output-2086415127", this, "Show output", "Hide output");'>Show output</a>

<a href="#Output-2086415127" onClick="toggleAllBoxes();">Show all outputs</a>
<div class='log' id="Output-2086415127">
****CampaignSystemTest****<br/>
successfully mouseover to: More<br/>
successfully mouseover to: More<br/>
Vendor is created and verified<br/>
>> Selected by value:Hardware<br/>
module=Vendors Switch to Window is passed--!<br/>
>> Selected by value:vendorname<br/>
++ Successfully Clicked on the element ++<br/>
Product is created and verified<br/>
successfully mouseover to: More<br/>
>> Selected by value:Advertisement<br/>
module=Products Switch to Window is passed--!<br/>
>> Selected by value:productname<br/>
++ Successfully Clicked on the element ++<br/>
>> Selected by value:Good<br/>
Campaign is created and verified<br/>
Campaign TestScript is successfully Completed<br/>
## Successfully written data into excel ##<br/>
</div>
</td>
<td><div><pre>java.lang.AssertionError: null
	at com.pyga.systemtest.CampaignSystemTest.createcCampaign(CampaignSystemTest.java:227)
	at java.base/java.util.ArrayList.forEach(ArrayList.java:1511)
... Removed 29 stack frames</pre></div><a href='#' onClick='toggleBox("stack-trace2086415127", this, "Click to show all stack frames", "Click to hide stack frames")'>Click to show all stack frames</a>
<div class='stack-trace' id='stack-trace2086415127'><pre>java.lang.AssertionError: null
	at org.testng.Assert.fail(Assert.java:99)
	at org.testng.Assert.fail(Assert.java:106)
	at com.pyga.systemtest.CampaignSystemTest.createcCampaign(CampaignSystemTest.java:227)
	at java.base/jdk.internal.reflect.NativeMethodAccessorImpl.invoke0(Native Method)
	at java.base/jdk.internal.reflect.NativeMethodAccessorImpl.invoke(NativeMethodAccessorImpl.java:77)
	at java.base/jdk.internal.reflect.DelegatingMethodAccessorImpl.invoke(DelegatingMethodAccessorImpl.java:43)
	at java.base/java.lang.reflect.Method.invoke(Method.java:568)
	at org.testng.internal.MethodInvocationHelper.invokeMethod(MethodInvocationHelper.java:133)
	at org.testng.internal.TestInvoker.invokeMethod(TestInvoker.java:598)
	at org.testng.internal.TestInvoker.invokeTestMethod(TestInvoker.java:173)
	at org.testng.internal.MethodRunner.runInSequence(MethodRunner.java:46)
	at org.testng.internal.TestInvoker$MethodInvocationAgent.invoke(TestInvoker.java:824)
	at org.testng.internal.TestInvoker.invokeTestMethods(TestInvoker.java:146)
	at org.testng.internal.TestMethodWorker.invokeTestMethods(TestMethodWorker.java:146)
	at org.testng.internal.TestMethodWorker.run(TestMethodWorker.java:128)
	at java.base/java.util.ArrayList.forEach(ArrayList.java:1511)
	at org.testng.TestRunner.privateRun(TestRunner.java:794)
	at org.testng.TestRunner.run(TestRunner.java:596)
	at org.testng.SuiteRunner.runTest(SuiteRunner.java:377)
	at org.testng.SuiteRunner.runSequentially(SuiteRunner.java:371)
	at org.testng.SuiteRunner.privateRun(SuiteRunner.java:332)
	at org.testng.SuiteRunner.run(SuiteRunner.java:276)
	at org.testng.SuiteRunnerWorker.runSuite(SuiteRunnerWorker.java:53)
	at org.testng.SuiteRunnerWorker.run(SuiteRunnerWorker.java:96)
	at org.testng.TestNG.runSuitesSequentially(TestNG.java:1212)
	at org.testng.TestNG.runSuitesLocally(TestNG.java:1134)
	at org.testng.TestNG.runSuites(TestNG.java:1063)
	at org.testng.TestNG.run(TestNG.java:1031)
	at org.testng.remote.AbstractRemoteTestNG.run(AbstractRemoteTestNG.java:115)
	at org.testng.remote.RemoteTestNG.initAndRun(RemoteTestNG.java:251)
	at org.testng.remote.RemoteTestNG.main(RemoteTestNG.java:77)
</pre></div></td>
<td>24</td>
<td>com.pyga.systemtest.CampaignSystemTest@22ff4249</td></tr>
<tr>
<td title='com.pyga.systemtest.CampaignSystemTest.createcCampaign()'><b>createcCampaign</b><br>Test class: com.pyga.systemtest.CampaignSystemTest<br/>
<a href="#Output-1648091808" onClick='toggleBox("Output-1648091808", this, "Show output", "Hide output");'>Show output</a>

<a href="#Output-1648091808" onClick="toggleAllBoxes();">Show all outputs</a>
<div class='log' id="Output-1648091808">
****CampaignSystemTest****<br/>
successfully mouseover to: More<br/>
successfully mouseover to: More<br/>
Vendor is created and verified<br/>
>> Selected by value:Hardware<br/>
module=Vendors Switch to Window is passed--!<br/>
>> Selected by value:vendorname<br/>
++ Successfully Clicked on the element ++<br/>
Product is created and verified<br/>
successfully mouseover to: More<br/>
>> Selected by value:Advertisement<br/>
module=Products Switch to Window is passed--!<br/>
>> Selected by value:productname<br/>
++ Successfully Clicked on the element ++<br/>
>> Selected by value:Good<br/>
Campaign is created and verified<br/>
Campaign TestScript is successfully Completed<br/>
## Successfully written data into excel ##<br/>
</div>
</td>
<td><div><pre>java.lang.AssertionError: null
	at com.pyga.systemtest.CampaignSystemTest.createcCampaign(CampaignSystemTest.java:227)
	at java.base/java.util.ArrayList.forEach(ArrayList.java:1511)
... Removed 29 stack frames</pre></div><a href='#' onClick='toggleBox("stack-trace1648091808", this, "Click to show all stack frames", "Click to hide stack frames")'>Click to show all stack frames</a>
<div class='stack-trace' id='stack-trace1648091808'><pre>java.lang.AssertionError: null
	at org.testng.Assert.fail(Assert.java:99)
	at org.testng.Assert.fail(Assert.java:106)
	at com.pyga.systemtest.CampaignSystemTest.createcCampaign(CampaignSystemTest.java:227)
	at java.base/jdk.internal.reflect.NativeMethodAccessorImpl.invoke0(Native Method)
	at java.base/jdk.internal.reflect.NativeMethodAccessorImpl.invoke(NativeMethodAccessorImpl.java:77)
	at java.base/jdk.internal.reflect.DelegatingMethodAccessorImpl.invoke(DelegatingMethodAccessorImpl.java:43)
	at java.base/java.lang.reflect.Method.invoke(Method.java:568)
	at org.testng.internal.MethodInvocationHelper.invokeMethod(MethodInvocationHelper.java:133)
	at org.testng.internal.TestInvoker.invokeMethod(TestInvoker.java:598)
	at org.testng.internal.TestInvoker.retryFailed(TestInvoker.java:213)
	at org.testng.internal.MethodRunner.runInSequence(MethodRunner.java:58)
	at org.testng.internal.TestInvoker$MethodInvocationAgent.invoke(TestInvoker.java:824)
	at org.testng.internal.TestInvoker.invokeTestMethods(TestInvoker.java:146)
	at org.testng.internal.TestMethodWorker.invokeTestMethods(TestMethodWorker.java:146)
	at org.testng.internal.TestMethodWorker.run(TestMethodWorker.java:128)
	at java.base/java.util.ArrayList.forEach(ArrayList.java:1511)
	at org.testng.TestRunner.privateRun(TestRunner.java:794)
	at org.testng.TestRunner.run(TestRunner.java:596)
	at org.testng.SuiteRunner.runTest(SuiteRunner.java:377)
	at org.testng.SuiteRunner.runSequentially(SuiteRunner.java:371)
	at org.testng.SuiteRunner.privateRun(SuiteRunner.java:332)
	at org.testng.SuiteRunner.run(SuiteRunner.java:276)
	at org.testng.SuiteRunnerWorker.runSuite(SuiteRunnerWorker.java:53)
	at org.testng.SuiteRunnerWorker.run(SuiteRunnerWorker.java:96)
	at org.testng.TestNG.runSuitesSequentially(TestNG.java:1212)
	at org.testng.TestNG.runSuitesLocally(TestNG.java:1134)
	at org.testng.TestNG.runSuites(TestNG.java:1063)
	at org.testng.TestNG.run(TestNG.java:1031)
	at org.testng.remote.AbstractRemoteTestNG.run(AbstractRemoteTestNG.java:115)
	at org.testng.remote.RemoteTestNG.initAndRun(RemoteTestNG.java:251)
	at org.testng.remote.RemoteTestNG.main(RemoteTestNG.java:77)
</pre></div></td>
<td>24</td>
<td>com.pyga.systemtest.CampaignSystemTest@22ff4249</td></tr>
</table><p>
</body>
</html>